#
# A fatal error has been detected by the Java Runtime Environment:
#
#  EXCEPTION_ACCESS_VIOLATION (0xc0000005) at pc=0x00007ffdab851bd1, pid=15040, tid=20336
#
# JRE version:  (21.0.8+9) (build )
# Java VM: OpenJDK 64-Bit Server VM (21.0.8+9-LTS, mixed mode, sharing, tiered, compressed class ptrs, unknown gc, windows-amd64)
# Problematic frame:
# C  [jimage.dll+0x1bd1]
#
# No core dump will be written. Minidumps are not enabled by default on client versions of Windows
#
#

---------------  S U M M A R Y ------------

Command Line: 

Host: Intel(R) Core(TM) i7-8750H CPU @ 2.20GHz, 12 cores, 31G,  Windows 11 , 64 bit Build 26100 (10.0.26100.8521)
Time: Sun Jun  7 22:36:17 2026 FLE Daylight Time elapsed time: 0.042602 seconds (0d 0h 0m 0s)

---------------  T H R E A D  ---------------

Current thread is native thread

Stack: [0x0000009ad0900000,0x0000009ad0a00000],  sp=0x0000009ad09fd7d0,  free space=1013k
Native frames: (J=compiled Java code, j=interpreted, Vv=VM code, C=native code)
C  [jimage.dll+0x1bd1]
C  [jimage.dll+0x1d5f]
C  [jimage.dll+0x2641]
V  [jvm.dll+0x224ee0]
V  [jvm.dll+0xcb377]
V  [jvm.dll+0x86e03c]
V  [jvm.dll+0x45cfae]
V  [jvm.dll+0x45ec31]
C  [jli.dll+0x52ab]
C  [ucrtbase.dll+0x2cd30]
C  [KERNEL32.DLL+0x2e957]
C  [ntdll.dll+0x87c1c]


siginfo: EXCEPTION_ACCESS_VIOLATION (0xc0000005), reading address 0x000000000000090c


Registers:
RAX=0x000000000000023c, RBX=0x0000009ad09fd8c1, RCX=0x00007ffdab856000, RDX=0x000000000000023c
RSP=0x0000009ad09fd7d0, RBP=0x0000009ad09fd8c0, RSI=0x0000000000006f34, RDI=0x0000009ad09fd8c0
R8 =0x00007ffdab854288, R9 =0x000000000000001c, R10=0x00007ffdaa470000, R11=0x00007ffdab856000
R12=0x0000000000000000, R13=0x0000009ad09ffd50, R14=0x0000009ad09fe930, R15=0x00007ffd1a07d4c0
RIP=0x00007ffdab851bd1, EFLAGS=0x0000000000010246

XMM[0]=0x0000000000000000 0x0000000000000000
XMM[1]=0x2f6d762f6c616e72 0x65746e692f6b646a
XMM[2]=0x736e6f6974706f2f 0x6d762f6c616e7265
XMM[3]=0x0000000000000000 0x0000000000000000
XMM[4]=0x0000000000000000 0x0000000000000000
XMM[5]=0x0000000000000000 0x0000000000000000
XMM[6]=0x0000000000000000 0x0000000000000000
XMM[7]=0x0000000000000000 0x0000000000000000
XMM[8]=0x0000000000000000 0x0000000000000000
XMM[9]=0x0000000000000000 0x0000000000000000
XMM[10]=0x0000000000000000 0x0000000000000000
XMM[11]=0x0000000000000000 0x0000000000000000
XMM[12]=0x0000000000000000 0x0000000000000000
XMM[13]=0x0000000000000000 0x0000000000000000
XMM[14]=0x0000000000000000 0x0000000000000000
XMM[15]=0x0000000000000000 0x0000000000000000
  MXCSR=0x00001f80


Top of Stack: (sp=0x0000009ad09fd7d0)
0x0000009ad09fd7d0:   0000022b00000000 00007ffdb7c974ba
0x0000009ad09fd7e0:   0000022b00000200 0000022bd540c602
0x0000009ad09fd7f0:   0000022bd53ec740 00007ffdab851d5f
0x0000009ad09fd800:   000000000000000b 0000022bd53ec740
0x0000009ad09fd810:   0000000000000200 0000022bd540c7dc
0x0000009ad09fd820:   0000022bd53d4720 00000000000000f8
0x0000009ad09fd830:   0000000000000000 00000000d53c0150
0x0000009ad09fd840:   0000006f00000000 0000022bd54bab20
0x0000009ad09fd850:   0000022bd54bab20 0000009ad09fd8d0
0x0000009ad09fd860:   00002e92a22079d2 00007ffdb7bf22fd
0x0000009ad09fd870:   00007ffd1a05adb0 0000000000000017
0x0000009ad09fd880:   0000022bd53ec740 0000009ad09fe930
0x0000009ad09fd890:   000000000000000b 00007ffdab852641
0x0000009ad09fd8a0:   0000022bd7787000 0000022bd53c0000
0x0000009ad09fd8b0:   0000022bd53ed4a0 0000000000000001
0x0000009ad09fd8c0:   61622e6176616a2f 692f6b646a2f6573
0x0000009ad09fd8d0:   2f6c616e7265746e 6f6974706f2f6d76
0x0000009ad09fd8e0:   000000000000736e 0000022bd77ce040
0x0000009ad09fd8f0:   0000000000005ec0 00007ffdb7c96628
0x0000009ad09fd900:   0000022bd53ecb40 0000000000000000
0x0000009ad09fd910:   0000022bd77d3f00 0000022bd53c0000
0x0000009ad09fd920:   0000022b00000300 00000000000005ec
0x0000009ad09fd930:   000000000000010c 0000e361accb4f0c
0x0000009ad09fd940:   00000001014c0000 00007f0100000001
0x0000009ad09fd950:   0000022bd77ce050 0000000000000000
0x0000009ad09fd960:   0000009a00000000 0000022bd77ce040
0x0000009ad09fd970:   0000000000000000 0000000000000000
0x0000009ad09fd980:   0000022bd54c0000 0000022b0032003e
0x0000009ad09fd990:   0000000000000000 0000022bd77ce040
0x0000009ad09fd9a0:   0000009ad09fe2c0 0000000000000001
0x0000009ad09fd9b0:   00000000000003b8 000000000000003c
0x0000009ad09fd9c0:   0000000000000001 00000000000003b8 

Instructions: (pc=0x00007ffdab851bd1)
0x00007ffdab851ad1:   48 85 c9 74 1d 80 3d 33 45 00 00 00 74 06 48 8b
0x00007ffdab851ae1:   53 18 eb 04 48 8b 53 40 e8 b2 0e 00 00 48 83 63
0x00007ffdab851af1:   48 00 8b 4b 0c 83 f9 ff 74 09 e8 e8 0c 00 00 83
0x00007ffdab851b01:   4b 0c ff 48 8b 4b 70 48 85 c9 74 0f ba 10 00 00
0x00007ffdab851b11:   00 e8 09 0f 00 00 48 83 63 70 00 48 83 c4 20 5b
0x00007ffdab851b21:   c3 cc cc 40 53 48 83 ec 20 48 8b d9 48 8d 0d ec
0x00007ffdab851b31:   46 00 00 e8 b7 0c 00 00 83 6b 08 01 75 24 48 8b
0x00007ffdab851b41:   d3 48 8d 0d cf 44 00 00 e8 22 08 00 00 48 8b cb
0x00007ffdab851b51:   e8 de fe ff ff ba 78 00 00 00 48 8b cb e8 bd 0e
0x00007ffdab851b61:   00 00 48 8d 0d b6 46 00 00 48 83 c4 20 5b e9 84
0x00007ffdab851b71:   0c 00 00 48 89 5c 24 08 48 89 74 24 10 57 48 83
0x00007ffdab851b81:   ec 20 41 8b f1 4d 8b c8 48 8b fa 4c 8b d9 4d 85
0x00007ffdab851b91:   c0 74 78 85 f6 74 74 44 8a 12 48 8d 5a 01 48 8b
0x00007ffdab851ba1:   d3 b8 93 01 00 01 eb 12 69 c0 93 01 00 01 41 0f
0x00007ffdab851bb1:   b6 ca 44 8a 12 33 c1 48 ff c2 45 84 d2 75 e9 4d
0x00007ffdab851bc1:   8b 03 0f ba f0 1f 33 d2 49 8b cb f7 f6 48 63 c2
0x00007ffdab851bd1:   41 8b 14 81 41 ff 50 08 85 c0 7e 24 8a 0f eb 10
0x00007ffdab851be1:   69 c0 93 01 00 01 0f b6 c9 33 c1 8a 0b 48 ff c3
0x00007ffdab851bf1:   84 c9 75 ec 0f ba f0 1f 33 d2 f7 f6 8b c2 eb 0e
0x00007ffdab851c01:   79 09 83 c9 ff 2b c8 8b c1 eb 03 83 c8 ff 48 8b
0x00007ffdab851c11:   5c 24 30 48 8b 74 24 38 48 83 c4 20 5f c3 cc 48
0x00007ffdab851c21:   89 5c 24 08 48 89 74 24 10 57 48 83 ec 20 48 8b
0x00007ffdab851c31:   f1 48 8d 0d e7 45 00 00 e8 b2 0b 00 00 33 ff 39
0x00007ffdab851c41:   3d d2 43 00 00 76 24 48 8b 05 d1 43 00 00 48 8b
0x00007ffdab851c51:   d6 48 8b 1c f8 48 8b 0b e8 7c 1e 00 00 85 c0 74
0x00007ffdab851c61:   2b ff c7 3b 3d ae 43 00 00 72 dc 33 db 48 8d 0d
0x00007ffdab851c71:   ab 45 00 00 e8 7e 0b 00 00 48 8b 74 24 38 48 8b
0x00007ffdab851c81:   c3 48 8b 5c 24 30 48 83 c4 20 5f c3 ff 43 08 eb
0x00007ffdab851c91:   dc cc cc 48 89 5c 24 08 48 89 74 24 10 57 48 83
0x00007ffdab851ca1:   ec 20 48 8b d9 48 8b f2 48 8b 49 10 49 8b f8 8b
0x00007ffdab851cb1:   53 30 48 8b 01 ff 50 20 4c 8b 43 50 48 8b d6 48
0x00007ffdab851cc1:   8b 4b 10 44 8b c8 e8 a8 fe ff ff 83 f8 ff 74 38 



---------------  P R O C E S S  ---------------

VM state: not at safepoint (not fully initialized)

VM Mutex/Monitor currently owned by a thread: None

CDS archive(s) mapped at: [0x0000000000000000-0x0000000000000000-0x0000000000000000), size 0, SharedBaseAddress: 0x0000000800000000, ArchiveRelocationMode: 1.
Narrow klass base: 0x0000000000000000, Narrow klass shift: 0, Narrow klass range: 0x0

GC Precious Log:
<Not initialized>


Dynamic libraries:
0x00007ff763420000 - 0x00007ff763496000 	C:\Users\durot\AppData\Local\JetBrains\IntelliJIdea2026.1\acp-agents\junie\1668.43.0\junie\junie.exe
0x00007ffdb7b80000 - 0x00007ffdb7de6000 	C:\WINDOWS\SYSTEM32\ntdll.dll
0x00007ffd95460000 - 0x00007ffd95481000 	C:\Program Files\Avast Software\Avast\aswhook.dll
0x00007ffdb6710000 - 0x00007ffdb67d9000 	C:\WINDOWS\System32\KERNEL32.DLL
0x00007ffdb4f50000 - 0x00007ffdb534a000 	C:\WINDOWS\System32\KERNELBASE.dll
0x00007ffdb6520000 - 0x00007ffdb66e7000 	C:\WINDOWS\System32\USER32.dll
0x00007ffdb5530000 - 0x00007ffdb5557000 	C:\WINDOWS\System32\win32u.dll
0x00007ffdb6c30000 - 0x00007ffdb6c5b000 	C:\WINDOWS\System32\GDI32.dll
0x00007ffdb5400000 - 0x00007ffdb552b000 	C:\WINDOWS\System32\gdi32full.dll
0x00007ffdb4ea0000 - 0x00007ffdb4f43000 	C:\WINDOWS\System32\msvcp_win.dll
0x00007ffdb5560000 - 0x00007ffdb56ac000 	C:\WINDOWS\System32\ucrtbase.dll
0x00007ffdb6c60000 - 0x00007ffdb73e4000 	C:\WINDOWS\System32\SHELL32.dll
0x00007ffdb69c0000 - 0x00007ffdb69f2000 	C:\WINDOWS\System32\IMM32.DLL
0x00007ffdb6a00000 - 0x00007ffdb6af6000 	C:\WINDOWS\System32\shcore.dll
0x00007ffdace30000 - 0x00007ffdace48000 	C:\Users\durot\AppData\Local\JetBrains\IntelliJIdea2026.1\acp-agents\junie\1668.43.0\junie\runtime\bin\jli.dll
0x00007ffd9b960000 - 0x00007ffd9bbf2000 	C:\WINDOWS\WinSxS\amd64_microsoft.windows.common-controls_6595b64144ccf1df_6.0.26100.8521_none_3e08b75ce33403b3\COMCTL32.dll
0x00007ffdb5b90000 - 0x00007ffdb5c39000 	C:\WINDOWS\System32\msvcrt.dll
0x00007ffdaa470000 - 0x00007ffdaa48b000 	C:\Users\durot\AppData\Local\JetBrains\IntelliJIdea2026.1\acp-agents\junie\1668.43.0\junie\runtime\bin\VCRUNTIME140.dll
0x00007ffdacf00000 - 0x00007ffdacf0c000 	C:\Users\durot\AppData\Local\JetBrains\IntelliJIdea2026.1\acp-agents\junie\1668.43.0\junie\runtime\bin\vcruntime140_1.dll
0x00007ffd583a0000 - 0x00007ffd5842d000 	C:\Users\durot\AppData\Local\JetBrains\IntelliJIdea2026.1\acp-agents\junie\1668.43.0\junie\runtime\bin\msvcp140.dll
0x00007ffd19660000 - 0x00007ffd1a407000 	C:\Users\durot\AppData\Local\JetBrains\IntelliJIdea2026.1\acp-agents\junie\1668.43.0\junie\runtime\bin\server\jvm.dll
0x00007ffdb6010000 - 0x00007ffdb60c6000 	C:\WINDOWS\System32\ADVAPI32.dll
0x00007ffdb60d0000 - 0x00007ffdb617a000 	C:\WINDOWS\System32\sechost.dll
0x00007ffdb5df0000 - 0x00007ffdb5f08000 	C:\WINDOWS\System32\RPCRT4.dll
0x00007ffdb58f0000 - 0x00007ffdb5970000 	C:\WINDOWS\System32\WS2_32.dll
0x00007ffda6230000 - 0x00007ffda6266000 	C:\WINDOWS\SYSTEM32\WINMM.dll
0x00007ffdb4c70000 - 0x00007ffdb4cce000 	C:\WINDOWS\SYSTEM32\POWRPROF.dll
0x00007ffdaac20000 - 0x00007ffdaac2b000 	C:\WINDOWS\SYSTEM32\VERSION.dll
0x00007ffdb4c50000 - 0x00007ffdb4c64000 	C:\WINDOWS\SYSTEM32\UMPDC.dll
0x00007ffdb3b80000 - 0x00007ffdb3b9b000 	C:\WINDOWS\SYSTEM32\kernel.appcore.dll
0x00007ffdab850000 - 0x00007ffdab85a000 	C:\Users\durot\AppData\Local\JetBrains\IntelliJIdea2026.1\acp-agents\junie\1668.43.0\junie\runtime\bin\jimage.dll
0x00007ffda8270000 - 0x00007ffda84b2000 	C:\WINDOWS\SYSTEM32\DBGHELP.DLL
0x00007ffdb6180000 - 0x00007ffdb6503000 	C:\WINDOWS\System32\combase.dll
0x00007ffdb5c40000 - 0x00007ffdb5d19000 	C:\WINDOWS\System32\OLEAUT32.dll
0x00007ffda8230000 - 0x00007ffda826b000 	C:\WINDOWS\SYSTEM32\dbgcore.DLL
0x00007ffdb5350000 - 0x00007ffdb53f8000 	C:\WINDOWS\System32\bcryptPrimitives.dll

JVMTI agents: none

dbghelp: loaded successfully - version: 4.0.5 - missing functions: none
symbol engine: initialized successfully - sym options: 0x614 - pdb path: .;C:\Users\durot\AppData\Local\JetBrains\IntelliJIdea2026.1\acp-agents\junie\1668.43.0\junie;C:\WINDOWS\SYSTEM32;C:\Program Files\Avast Software\Avast;C:\Users\durot\AppData\Local\JetBrains\IntelliJIdea2026.1\acp-agents\junie\1668.43.0\junie\runtime\bin;C:\WINDOWS\WinSxS\amd64_microsoft.windows.common-controls_6595b64144ccf1df_6.0.26100.8521_none_3e08b75ce33403b3;C:\Users\durot\AppData\Local\JetBrains\IntelliJIdea2026.1\acp-agents\junie\1668.43.0\junie\runtime\bin\server

VM Arguments:
java_command: <unknown>
java_class_path (initial): <not set>
Launcher Type: SUN_STANDARD

[Global flags]
     bool UseLargePagesIndividualAllocation        = false                                  {pd product} {ergonomic}

Logging:
Log output configuration:
 #0: stdout all=warning uptime,level,tags foldmultilines=false
 #1: stderr all=off uptime,level,tags foldmultilines=false

Environment Variables:
JAVA_HOME=C:\Program Files\Eclipse Adoptium\jdk-17.0.19.10-hotspot\
PATH=C:\Program Files\Eclipse Adoptium\jdk-17.0.19.10-hotspot\bin;C:\Program Files (x86)\Common Files\Oracle\Java\java8path;C:\Program Files (x86)\Common Files\Oracle\Java\javapath;C:\Program Files (x86)\Intel\Intel(R) Management Engine Components\iCLS\;C:\Program Files\Intel\Intel(R) Management Engine Components\iCLS\;C:\Windows\system32;C:\Windows;C:\Windows\System32\Wbem;C:\Windows\System32\WindowsPowerShell\v1.0\;C:\Windows\System32\OpenSSH\;C:\Program Files (x86)\Intel\Intel(R) Management Engine Components\DAL;C:\Program Files\Intel\Intel(R) Management Engine Components\DAL;C:\Program Files (x86)\Intel\Intel(R) Management Engine Components\IPT;C:\Program Files\Intel\Intel(R) Management Engine Components\IPT;C:\Program Files (x86)\NVIDIA Corporation\PhysX\Common;C:\WINDOWS\system32;C:\WINDOWS;C:\WINDOWS\System32\Wbem;C:\WINDOWS\System32\WindowsPowerShell\v1.0\;C:\WINDOWS\System32\OpenSSH\;C:\Program Files\Git\cmd;C:\ProgramData\chocolatey\bin;C:\Program Files\nodejs\;C:\Program Files\dotnet\;C:\Program Files\Eclipse Adoptium\jdk-17.0.19.10-hotspot\bin;C:\Program Files (x86)\Common Files\Oracle\Java\java8path;C:\Program Files (x86)\Common Files\Oracle\Java\javapath;C:\Program Files (x86)\Intel\Intel(R) Management Engine Components\iCLS\;C:\Program Files\Intel\Intel(R) Management Engine Components\iCLS\;C:\Windows\system32;C:\Windows;C:\Windows\System32\Wbem;C:\Windows\System32\WindowsPowerShell\v1.0\;C:\Windows\System32\OpenSSH\;C:\Program Files (x86)\Intel\Intel(R) Management Engine Components\DAL;C:\Program Files\Intel\Intel(R) Management Engine Components\DAL;C:\Program Files (x86)\Intel\Intel(R) Management Engine Components\IPT;C:\Program Files\Intel\Intel(R) Management Engine Components\IPT;C:\Program Files (x86)\NVIDIA Corporation\PhysX\Common;C:\WINDOWS\system32;C:\WINDOWS;C:\WINDOWS\System32\Wbem;C:\WINDOWS\System32\WindowsPowerShell\v1.0\;C:\WINDOWS\System32\OpenSSH\;C:\Program Files\Git\cmd;C:\ProgramData\chocolatey\bin;C:\Program Files\nodejs\;C:\Program Files\dotnet\;C:\Users\durot\AppData\Local\Programs\cursor\resources\app\bin;C:\Users\durot\AppData\Roaming\npm;C:\Users\durot\AppData\Local\Programs\Antigravity IDE\bin;C:\Users\durot\AppData\Local\JetBrains\IntelliJIdea2026.1\acp-agents\junie\1668.43.0\junie\app
USERNAME=durot
OS=Windows_NT
PROCESSOR_IDENTIFIER=Intel64 Family 6 Model 158 Stepping 10, GenuineIntel
TMP=C:\Users\durot\AppData\Local\Temp
TEMP=C:\Users\durot\AppData\Local\Temp




Periodic native trim disabled

---------------  S Y S T E M  ---------------

OS:
 Windows 11 , 64 bit Build 26100 (10.0.26100.8521)
OS uptime: 5 days 1:13 hours

CPU: total 12 (initial active 0) 
Processor Information for the first 12 processors :
  Max Mhz: 2208, Current Mhz: 2208, Mhz Limit: 2208

Memory: 4k page, system-wide physical 32610M (18199M free)
TotalPageFile size 65378M (AvailPageFile size 48486M)
current process WorkingSet (physical memory assigned to process): 11M, peak: 11M
current process commit charge ("private bytes"): 3M, peak: 3M

vm_info: OpenJDK 64-Bit Server VM (21.0.8+9-LTS) for windows-amd64 JRE (21.0.8+9-LTS), built on 2025-07-09T19:22:31Z by "Administrator" with MS VC++ 16.10 / 16.11 (VS2019)

END.
